<?xml version="1.0" encoding="UTF-8"?>
<!-- Generated by org.testng.reporters.JUnitXMLReporter -->
<testsuite hostname="DESKTOP-9MKKMSB" ignored="0" name="Test" tests="1" failures="1" timestamp="2021-07-10T12:32:31 IST" time="36.403" errors="0">
  <testcase name="SeatchArea" time="18.396" classname="com.scrips.MavenFlightRadar24.TestFlightRadar24">
    <failure type="java.io.FileNotFoundException" message=".\testdata\testExcel.xlsx (The system cannot find the file specified)">
      <![CDATA[java.io.FileNotFoundException: .\testdata\testExcel.xlsx (The system cannot find the file specified)
at java.io.FileInputStream.open0(Native Method)
at java.io.FileInputStream.open(Unknown Source)
at java.io.FileInputStream.<init>(Unknown Source)
at java.io.FileInputStream.<init>(Unknown Source)
at com.genrics.MavenFlightRadar24.ExcellLiberary.fetchExcelCellData(ExcellLiberary.java:12)
at com.pom.MavenFlightRadar24.POMFlightRadar.search(POMFlightRadar.java:42)
at com.scrips.MavenFlightRadar24.TestFlightRadar24.SeatchArea(TestFlightRadar24.java:20)
at java.util.ArrayList.forEach(Unknown Source)
... Removed 27 stack frames]]>
    </failure>
  </testcase> <!-- SeatchArea -->
</testsuite> <!-- Test -->
