<?xml version="1.0" encoding="UTF-8"?>
<testng-results skipped="0" failed="1" ignored="0" total="1" passed="0">
  <reporter-output>
  </reporter-output>
  <suite name="Suite" duration-ms="36403" started-at="2021-07-10T12:31:54 IST" finished-at="2021-07-10T12:32:31 IST">
    <groups>
    </groups>
    <test name="Test" duration-ms="36403" started-at="2021-07-10T12:31:54 IST" finished-at="2021-07-10T12:32:31 IST">
      <class name="com.scrips.MavenFlightRadar24.TestFlightRadar24">
        <test-method status="PASS" signature="openBrowser()[pri:0, instance:com.scrips.MavenFlightRadar24.TestFlightRadar24@59906517]" name="openBrowser" is-config="true" duration-ms="13887" started-at="2021-07-10T12:31:54 IST" finished-at="2021-07-10T12:32:08 IST">
          <reporter-output>
          </reporter-output>
        </test-method> <!-- openBrowser -->
        <test-method status="FAIL" signature="SeatchArea()[pri:0, instance:com.scrips.MavenFlightRadar24.TestFlightRadar24@59906517]" name="SeatchArea" duration-ms="18396" started-at="2021-07-10T12:32:08 IST" finished-at="2021-07-10T12:32:27 IST">
          <exception class="java.io.FileNotFoundException">
            <message>
              <![CDATA[.\testdata\testExcel.xlsx (The system cannot find the file specified)]]>
            </message>
            <full-stacktrace>
              <![CDATA[java.io.FileNotFoundException: .\testdata\testExcel.xlsx (The system cannot find the file specified)
at java.io.FileInputStream.open0(Native Method)
at java.io.FileInputStream.open(Unknown Source)
at java.io.FileInputStream.<init>(Unknown Source)
at java.io.FileInputStream.<init>(Unknown Source)
at com.genrics.MavenFlightRadar24.ExcellLiberary.fetchExcelCellData(ExcellLiberary.java:12)
at com.pom.MavenFlightRadar24.POMFlightRadar.search(POMFlightRadar.java:42)
at com.scrips.MavenFlightRadar24.TestFlightRadar24.SeatchArea(TestFlightRadar24.java:20)
at sun.reflect.NativeMethodAccessorImpl.invoke0(Native Method)
at sun.reflect.NativeMethodAccessorImpl.invoke(Unknown Source)
at sun.reflect.DelegatingMethodAccessorImpl.invoke(Unknown Source)
at java.lang.reflect.Method.invoke(Unknown Source)
at org.testng.internal.MethodInvocationHelper.invokeMethod(MethodInvocationHelper.java:133)
at org.testng.internal.TestInvoker.invokeMethod(TestInvoker.java:598)
at org.testng.internal.TestInvoker.invokeTestMethod(TestInvoker.java:173)
at org.testng.internal.MethodRunner.runInSequence(MethodRunner.java:46)
at org.testng.internal.TestInvoker$MethodInvocationAgent.invoke(TestInvoker.java:824)
at org.testng.internal.TestInvoker.invokeTestMethods(TestInvoker.java:146)
at org.testng.internal.TestMethodWorker.invokeTestMethods(TestMethodWorker.java:146)
at org.testng.internal.TestMethodWorker.run(TestMethodWorker.java:128)
at java.util.ArrayList.forEach(Unknown Source)
at org.testng.TestRunner.privateRun(TestRunner.java:794)
at org.testng.TestRunner.run(TestRunner.java:596)
at org.testng.SuiteRunner.runTest(SuiteRunner.java:377)
at org.testng.SuiteRunner.runSequentially(SuiteRunner.java:371)
at org.testng.SuiteRunner.privateRun(SuiteRunner.java:332)
at org.testng.SuiteRunner.run(SuiteRunner.java:276)
at org.testng.SuiteRunnerWorker.runSuite(SuiteRunnerWorker.java:53)
at org.testng.SuiteRunnerWorker.run(SuiteRunnerWorker.java:96)
at org.testng.TestNG.runSuitesSequentially(TestNG.java:1212)
at org.testng.TestNG.runSuitesLocally(TestNG.java:1134)
at org.testng.TestNG.runSuites(TestNG.java:1063)
at org.testng.TestNG.run(TestNG.java:1031)
at org.testng.remote.AbstractRemoteTestNG.run(AbstractRemoteTestNG.java:115)
at org.testng.remote.RemoteTestNG.initAndRun(RemoteTestNG.java:251)
at org.testng.remote.RemoteTestNG.main(RemoteTestNG.java:77)
]]>
            </full-stacktrace>
          </exception> <!-- java.io.FileNotFoundException -->
          <reporter-output>
          </reporter-output>
        </test-method> <!-- SeatchArea -->
        <test-method status="PASS" signature="closeBrowser()[pri:0, instance:com.scrips.MavenFlightRadar24.TestFlightRadar24@59906517]" name="closeBrowser" is-config="true" duration-ms="0" started-at="2021-07-10T12:32:31 IST" finished-at="2021-07-10T12:32:31 IST">
          <reporter-output>
          </reporter-output>
        </test-method> <!-- closeBrowser -->
      </class> <!-- com.scrips.MavenFlightRadar24.TestFlightRadar24 -->
    </test> <!-- Test -->
  </suite> <!-- Suite -->
</testng-results>
